Determining if the system is big endian passed with the following output:
Change Dir: /home/developer/pidev/camcv/opencv-2.4.10/build/CMakeFiles/CMakeTmp

Run Build Command:"/usr/bin/make" "cmTC_a50ba/fast"
/usr/bin/make -f CMakeFiles/cmTC_a50ba.dir/build.make CMakeFiles/cmTC_a50ba.dir/build
make[1]: Entering directory '/home/developer/pidev/camcv/opencv-2.4.10/build/CMakeFiles/CMakeTmp'
Building C object CMakeFiles/cmTC_a50ba.dir/TestEndianess.c.o
/usr/bin/cc    -fsigned-char -W -Wall -Werror=return-type -Werror=address -Werror=sequence-point -Wformat -Werror=format-security -Wmissing-declarations -Wmissing-prototypes -Wstrict-prototypes -Wundef -Winit-self -Wpointer-arith -Wshadow -Wno-narrowing -fdiagnostics-show-option -pthread -fomit-frame-pointer -ffunction-sections  -O3 -DNDEBUG   -o CMakeFiles/cmTC_a50ba.dir/TestEndianess.c.o   -c /home/developer/pidev/camcv/opencv-2.4.10/build/CMakeFiles/CMakeTmp/TestEndianess.c
Linking C executable cmTC_a50ba
/usr/bin/cmake -E cmake_link_script CMakeFiles/cmTC_a50ba.dir/link.txt --verbose=1
/usr/bin/cc     -fsigned-char -W -Wall -Werror=return-type -Werror=address -Werror=sequence-point -Wformat -Werror=format-security -Wmissing-declarations -Wmissing-prototypes -Wstrict-prototypes -Wundef -Winit-self -Wpointer-arith -Wshadow -Wno-narrowing -fdiagnostics-show-option -pthread -fomit-frame-pointer -ffunction-sections  -O3 -DNDEBUG    CMakeFiles/cmTC_a50ba.dir/TestEndianess.c.o  -o cmTC_a50ba -rdynamic 
make[1]: Leaving directory '/home/developer/pidev/camcv/opencv-2.4.10/build/CMakeFiles/CMakeTmp'

TestEndianess.c:
/* A 16 bit integer is required. */
typedef unsigned short cmakeint16;

/* On a little endian machine, these 16bit ints will give "THIS IS LITTLE ENDIAN."
   On a big endian machine the characters will be exchanged pairwise. */
const cmakeint16 info_little[] =  {0x4854, 0x5349, 0x4920, 0x2053, 0x494c, 0x5454, 0x454c, 0x4520, 0x444e, 0x4149, 0x2e4e, 0x0000};

/* on a big endian machine, these 16bit ints will give "THIS IS BIG ENDIAN."
   On a little endian machine the characters will be exchanged pairwise. */
const cmakeint16 info_big[] =     {0x5448, 0x4953, 0x2049, 0x5320, 0x4249, 0x4720, 0x454e, 0x4449, 0x414e, 0x2e2e, 0x0000};

#ifdef __CLASSIC_C__
int main(argc, argv) int argc; char *argv[];
#else
int main(int argc, char *argv[])
#endif
{
  int require = 0;
  require += info_little[argc];
  require += info_big[argc];
  (void)argv;
  return require;
}


Determining if the include file linux/videodev.h exists failed with the following output:
Change Dir: /home/developer/pidev/camcv/opencv-2.4.10/build/CMakeFiles/CMakeTmp

Run Build Command:"/usr/bin/make" "cmTC_f9172/fast"
/usr/bin/make -f CMakeFiles/cmTC_f9172.dir/build.make CMakeFiles/cmTC_f9172.dir/build
make[1]: Entering directory '/home/developer/pidev/camcv/opencv-2.4.10/build/CMakeFiles/CMakeTmp'
Building C object CMakeFiles/cmTC_f9172.dir/CheckIncludeFile.c.o
/usr/bin/cc    -fsigned-char -W -Wall -Werror=return-type -Werror=address -Werror=sequence-point -Wformat -Werror=format-security -Wmissing-declarations -Wmissing-prototypes -Wstrict-prototypes -Wundef -Winit-self -Wpointer-arith -Wshadow -Wno-narrowing -fdiagnostics-show-option -pthread -fomit-frame-pointer -ffunction-sections  -O3 -DNDEBUG   -o CMakeFiles/cmTC_f9172.dir/CheckIncludeFile.c.o   -c /home/developer/pidev/camcv/opencv-2.4.10/build/CMakeFiles/CMakeTmp/CheckIncludeFile.c
/home/developer/pidev/camcv/opencv-2.4.10/build/CMakeFiles/CMakeTmp/CheckIncludeFile.c:1:28: fatal error: linux/videodev.h: No such file or directory
compilation terminated.
CMakeFiles/cmTC_f9172.dir/build.make:65: recipe for target 'CMakeFiles/cmTC_f9172.dir/CheckIncludeFile.c.o' failed
make[1]: *** [CMakeFiles/cmTC_f9172.dir/CheckIncludeFile.c.o] Error 1
make[1]: Leaving directory '/home/developer/pidev/camcv/opencv-2.4.10/build/CMakeFiles/CMakeTmp'
Makefile:126: recipe for target 'cmTC_f9172/fast' failed
make: *** [cmTC_f9172/fast] Error 2


Determining if the include file sys/videoio.h exists failed with the following output:
Change Dir: /home/developer/pidev/camcv/opencv-2.4.10/build/CMakeFiles/CMakeTmp

Run Build Command:"/usr/bin/make" "cmTC_5c811/fast"
/usr/bin/make -f CMakeFiles/cmTC_5c811.dir/build.make CMakeFiles/cmTC_5c811.dir/build
make[1]: Entering directory '/home/developer/pidev/camcv/opencv-2.4.10/build/CMakeFiles/CMakeTmp'
Building C object CMakeFiles/cmTC_5c811.dir/CheckIncludeFile.c.o
/usr/bin/cc    -fsigned-char -W -Wall -Werror=return-type -Werror=address -Werror=sequence-point -Wformat -Werror=format-security -Wmissing-declarations -Wmissing-prototypes -Wstrict-prototypes -Wundef -Winit-self -Wpointer-arith -Wshadow -Wno-narrowing -fdiagnostics-show-option -pthread -fomit-frame-pointer -ffunction-sections  -O3 -DNDEBUG   -o CMakeFiles/cmTC_5c811.dir/CheckIncludeFile.c.o   -c /home/developer/pidev/camcv/opencv-2.4.10/build/CMakeFiles/CMakeTmp/CheckIncludeFile.c
/home/developer/pidev/camcv/opencv-2.4.10/build/CMakeFiles/CMakeTmp/CheckIncludeFile.c:1:25: fatal error: sys/videoio.h: No such file or directory
compilation terminated.
CMakeFiles/cmTC_5c811.dir/build.make:65: recipe for target 'CMakeFiles/cmTC_5c811.dir/CheckIncludeFile.c.o' failed
make[1]: *** [CMakeFiles/cmTC_5c811.dir/CheckIncludeFile.c.o] Error 1
make[1]: Leaving directory '/home/developer/pidev/camcv/opencv-2.4.10/build/CMakeFiles/CMakeTmp'
Makefile:126: recipe for target 'cmTC_5c811/fast' failed
make: *** [cmTC_5c811/fast] Error 2


Determining if the include file ffmpeg/avformat.h exists failed with the following output:
Change Dir: /home/developer/pidev/camcv/opencv-2.4.10/build/CMakeFiles/CMakeTmp

Run Build Command:"/usr/bin/make" "cmTC_c4262/fast"
/usr/bin/make -f CMakeFiles/cmTC_c4262.dir/build.make CMakeFiles/cmTC_c4262.dir/build
make[1]: Entering directory '/home/developer/pidev/camcv/opencv-2.4.10/build/CMakeFiles/CMakeTmp'
Building C object CMakeFiles/cmTC_c4262.dir/CheckIncludeFile.c.o
/usr/bin/cc    -fsigned-char -W -Wall -Werror=return-type -Werror=address -Werror=sequence-point -Wformat -Werror=format-security -Wmissing-declarations -Wmissing-prototypes -Wstrict-prototypes -Wundef -Winit-self -Wpointer-arith -Wshadow -Wno-narrowing -fdiagnostics-show-option -pthread -fomit-frame-pointer -ffunction-sections  -O3 -DNDEBUG   -o CMakeFiles/cmTC_c4262.dir/CheckIncludeFile.c.o   -c /home/developer/pidev/camcv/opencv-2.4.10/build/CMakeFiles/CMakeTmp/CheckIncludeFile.c
/home/developer/pidev/camcv/opencv-2.4.10/build/CMakeFiles/CMakeTmp/CheckIncludeFile.c:1:29: fatal error: ffmpeg/avformat.h: No such file or directory
compilation terminated.
CMakeFiles/cmTC_c4262.dir/build.make:65: recipe for target 'CMakeFiles/cmTC_c4262.dir/CheckIncludeFile.c.o' failed
make[1]: *** [CMakeFiles/cmTC_c4262.dir/CheckIncludeFile.c.o] Error 1
make[1]: Leaving directory '/home/developer/pidev/camcv/opencv-2.4.10/build/CMakeFiles/CMakeTmp'
Makefile:126: recipe for target 'cmTC_c4262/fast' failed
make: *** [cmTC_c4262/fast] Error 2


